<?xml version="1.0" encoding="UTF-8"?>
<!-- Generated by org.testng.reporters.JUnitXMLReporter -->
<testsuite hostname="qaplanet4" ignored="0" name="pim" tests="4" failures="0" timestamp="29 Dec 2017 11:48:58 GMT" time="0.046" errors="0">
  <testcase name="method3" time="0.006" classname="testngEx.Ex1"/>
  <testcase name="method4" time="0.001" classname="testngEx.Ex1"/>
  <testcase name="method3" time="0.002" classname="testngEx.Ex2"/>
  <testcase name="method4" time="0.002" classname="testngEx.Ex2"/>
</testsuite> <!-- pim -->
