<?xml version="1.0" encoding="UTF-8"?>
<testng-results skipped="0" failed="0" ignored="0" total="2" passed="2">
  <reporter-output>
    <line>
      <![CDATA[Test method1]]>
    </line>
    <line>
      <![CDATA[Test method2]]>
    </line>
  </reporter-output>
  <suite name="Default suite" duration-ms="51" started-at="2017-12-29T12:10:50Z" finished-at="2017-12-29T12:10:50Z">
    <groups>
    </groups>
    <test name="Default test" duration-ms="51" started-at="2017-12-29T12:10:50Z" finished-at="2017-12-29T12:10:50Z">
      <class name="testngEx.Ex2">
        <test-method status="PASS" signature="method1()[pri:0, instance:testngEx.Ex2@144fc21]" name="method1" is-config="true" duration-ms="18" started-at="2017-12-29T17:40:50Z" finished-at="2017-12-29T17:40:50Z">
          <reporter-output>
          </reporter-output>
        </test-method> <!-- method1 -->
        <test-method status="PASS" signature="method3()[pri:0, instance:testngEx.Ex2@144fc21]" name="method3" duration-ms="7" started-at="2017-12-29T17:40:50Z" finished-at="2017-12-29T17:40:50Z">
          <reporter-output>
            <line>
              <![CDATA[Test method1]]>
            </line>
          </reporter-output>
        </test-method> <!-- method3 -->
        <test-method status="PASS" signature="method2()[pri:0, instance:testngEx.Ex2@144fc21]" name="method2" is-config="true" duration-ms="0" started-at="2017-12-29T17:40:50Z" finished-at="2017-12-29T17:40:50Z">
          <reporter-output>
          </reporter-output>
        </test-method> <!-- method2 -->
        <test-method status="PASS" signature="method1()[pri:0, instance:testngEx.Ex2@144fc21]" name="method1" is-config="true" duration-ms="0" started-at="2017-12-29T17:40:50Z" finished-at="2017-12-29T17:40:50Z">
          <reporter-output>
          </reporter-output>
        </test-method> <!-- method1 -->
        <test-method status="PASS" signature="method4()[pri:0, instance:testngEx.Ex2@144fc21]" name="method4" duration-ms="1" started-at="2017-12-29T17:40:50Z" finished-at="2017-12-29T17:40:50Z">
          <reporter-output>
            <line>
              <![CDATA[Test method2]]>
            </line>
          </reporter-output>
        </test-method> <!-- method4 -->
        <test-method status="PASS" signature="method2()[pri:0, instance:testngEx.Ex2@144fc21]" name="method2" is-config="true" duration-ms="0" started-at="2017-12-29T17:40:50Z" finished-at="2017-12-29T17:40:50Z">
          <reporter-output>
          </reporter-output>
        </test-method> <!-- method2 -->
      </class> <!-- testngEx.Ex2 -->
    </test> <!-- Default test -->
  </suite> <!-- Default suite -->
</testng-results>
